2020/03/13 19:59:30 [::1]:61236 GET /
2020/03/13 19:59:30 [::1]:61236 GET /favicon.ico
2020/03/13 19:59:36 [::1]:61236 GET /
2020/03/13 19:59:36 [::1]:61236 GET /favicon.ico
2020/03/13 19:59:41 [::1]:61236 GET /count
2020/03/13 19:59:41 [::1]:61236 GET /favicon.ico
2020/03/13 19:59:43 [::1]:61236 GET /
2020/03/13 19:59:43 [::1]:61236 GET /favicon.ico
2020/03/13 19:59:45 [::1]:61236 GET /count
2020/03/13 19:59:45 [::1]:61236 GET /favicon.ico
2020/03/13 20:00:10 [::1]:61236 GET /
2020/03/13 20:00:10 [::1]:61236 GET /favicon.ico
2020/03/13 20:10:29 [::1]:63502 GET /
2020/03/13 20:10:29 [::1]:63502 GET /favicon.ico
2020/03/13 20:10:34 [::1]:63502 GET /
2020/03/13 20:10:34 [::1]:63502 GET /favicon.ico
2020/03/19 21:03:15 [::1]:51361 GET /
2020/03/19 21:03:15 [::1]:51361 GET /css/bootstrap.min.css
2020/03/19 21:03:15 [::1]:51361 GET /js/bootstrap.min.js
2020/03/19 21:03:37 [::1]:51361 POST /markdown
2020/03/19 21:03:59 [::1]:51361 POST /markdown
